<?xml version="1.0" encoding="UTF-8"?>
<!-- Generated by org.testng.reporters.JUnitXMLReporter -->
<testsuite hostname="vensys110" ignored="0" name="Parameterization_With_xml" tests="1" failures="1" timestamp="25 Jul 2018 08:30:24 GMT" time="0.024" errors="0">
  <testcase name="parameterizedTest" time="0.0" classname="testNG_Practise.Parameterization_With_xml">
    <failure type="org.testng.TestNGException" message="
Cannot inject @Test annotated Method [parameterizedTest] with [class java.lang.String].
For more information on native dependency injection please refer to http://testng.org/doc/documentation-main.html#native-dependency-injection">
      <![CDATA[org.testng.TestNGException: 
Cannot inject @Test annotated Method [parameterizedTest] with [class java.lang.String].
For more information on native dependency injection please refer to http://testng.org/doc/documentation-main.html#native-dependency-injection
... Removed 24 stack frames]]>
    </failure>
  </testcase> <!-- parameterizedTest -->
</testsuite> <!-- Parameterization_With_xml -->
