<?xml version="1.0" encoding="UTF-8"?>
<!-- Generated by org.testng.reporters.JUnitXMLReporter -->
<testsuite hostname="vensys110" ignored="0" name="Test" tests="7" failures="0" timestamp="24 Jul 2018 10:43:07 GMT" time="72.966" errors="0">
  <testcase name="readExcel" time="0.554" classname="use_of_property_file.ReadDataFromExcelUsingPOI_Testng"/>
  <testcase name="myAddition" time="0.002" classname="use_of_data_provider.DatadrivenUsingDataprovider"/>
  <testcase name="myAddition" time="0.001" classname="use_of_data_provider.DatadrivenUsingDataprovider"/>
  <testcase name="loadApp" time="3.969" classname="use_of_property_file.Browser_Test"/>
  <testcase name="TestOR" time="25.108" classname="use_of_config_file.property_file_use"/>
  <testcase name="login" time="24.937" classname="use_of_data_provider.MercuryloginWithDataProvider"/>
  <testcase name="login" time="18.319" classname="use_of_data_provider.MercuryloginWithDataProvider"/>
</testsuite> <!-- Test -->
