<?xml version="1.0" encoding="UTF-8"?>
<testng-results skipped="0" failed="0" ignored="0" total="1" passed="1">
  <reporter-output>
  </reporter-output>
  <suite name="Default suite" duration-ms="36" started-at="2018-08-17T11:53:44Z" finished-at="2018-08-17T11:53:44Z">
    <groups>
    </groups>
    <test name="Default test" duration-ms="36" started-at="2018-08-17T11:53:44Z" finished-at="2018-08-17T11:53:44Z">
      <class name="use_of_property_file.Browser_Test">
        <test-method status="PASS" signature="loadApp()[pri:0, instance:use_of_property_file.Browser_Test@523884b2]" name="loadApp" duration-ms="12" started-at="2018-08-17T11:53:44Z" finished-at="2018-08-17T11:53:44Z">
          <reporter-output>
          </reporter-output>
        </test-method> <!-- loadApp -->
      </class> <!-- use_of_property_file.Browser_Test -->
    </test> <!-- Default test -->
  </suite> <!-- Default suite -->
</testng-results>
